{"name": "Open the idrive link and verify the Upgrade button", "status": "failed", "statusDetails": {"message": "AssertionError: assert '' == 'Your free trial has expired'\n  \n  - Your free trial has expired", "trace": "@pytest.mark.positive\n    @allure.title(\"Open the idrive link and verify the Upgrade button\")\n    @allure.description(\"Verify that the Upgrade button is displayed\")\n    def test_MiniProject3_VWO():\n        driver = webdriver.Chrome()\n    \n        try:\n            driver.maximize_window()\n            driver.get(\"https://www.idrive360.com/enterprise/login\")\n    \n            # Perform login actions\n            user_name = driver.find_element(By.ID, 'username')\n            user_name.send_keys('augtest_040823@idrive.com')\n            password = driver.find_element(By.ID, 'password')\n            password.send_keys(\"123456\")\n            sign_in = driver.find_element(By.XPATH, '//button[text()=\"Sign in\"]')\n            sign_in.click()\n    \n            # Wait until the URL changes to contain the expected path\n            WebDriverWait(driver, 15).until(EC.url_contains(\"https://www.idrive360.com/enterprise/account\"))\n    \n            # Print the current URL to check if it's correct\n            current_url = driver.current_url\n            print(\"Current URL:\", current_url)\n    \n            # Assert that the URL contains the expected substring\n            expected_url = \"https://www.idrive360.com/enterprise/account\"\n            assert expected_url in current_url, f\"Unexpected URL: {current_url}\"\n    \n            # Wait for the text element to be present and check its content\n            text_element = WebDriverWait(driver, 10).until(\n                EC.presence_of_element_located((By.XPATH, '//h5[@class=\"id-card-title\"]'))\n            )\n    \n            actual_text = text_element.text\n            print(\"Text found:\", actual_text)\n    \n            # Assert the text content\n            expected_text = 'Your free trial has expired'\n>           assert actual_text == expected_text\nE           AssertionError: assert '' == 'Your free trial has expired'\nE             \nE             - Your free trial has expired\n\n08122024\\test_Lab010.py:49: AssertionError"}, "description": "Verify that the Upgrade button is displayed", "attachments": [{"name": "stdout", "source": "bc2d86e1-1196-4a50-91ec-9fc6957ea30b-attachment.txt", "type": "text/plain"}], "start": 1723895258971, "stop": 1723895277306, "uuid": "69b7eb60-e569-480e-976b-a3006d257398", "historyId": "aac8765250e9800b55019a75fb2cfa3d", "testCaseId": "aac8765250e9800b55019a75fb2cfa3d", "fullName": "08122024.test_Lab010#test_MiniProject3_VWO", "labels": [{"name": "tag", "value": "positive"}, {"name": "parentSuite", "value": "08122024"}, {"name": "suite", "value": "test_Lab010"}, {"name": "host", "value": "LAPTOP-521FSD02"}, {"name": "thread", "value": "11468-MainThread"}, {"name": "framework", "value": "pytest"}, {"name": "language", "value": "cpython3"}, {"name": "package", "value": "08122024.test_Lab010"}]}